This is pdfTeXk, Version 3.141592-1.40.3 (Web2C 7.5.6) (format=pdflatex 2012.3.28)  7 JUL 2016 14:57
entering extended mode
 %&-line parsing enabled.
**certificate_style3.ltx
(./certificate_style3.ltx
LaTeX2e <2005/12/01>
Babel <v3.8h> and hyphenation patterns for english, usenglishmax, dumylang, noh
yphenation, arabic, basque, bulgarian, coptic, welsh, czech, slovak, german, ng
erman, danish, esperanto, spanish, catalan, galician, estonian, farsi, finnish,
 french, greek, monogreek, ancientgreek, croatian, hungarian, interlingua, ibyc
us, indonesian, icelandic, italian, latin, mongolian, dutch, norsk, polish, por
tuguese, pinyin, romanian, russian, slovenian, uppersorbian, serbian, swedish, 
turkish, ukenglish, ukrainian, loaded.
(/usr/share/texmf/tex/latex/base/article.cls
Document Class: article 2005/09/16 v1.4f Standard LaTeX document class
(/usr/share/texmf/tex/latex/base/size10.clo
File: size10.clo 2005/09/16 v1.4f Standard LaTeX file (size option)
)
\c@part=\count79
\c@section=\count80
\c@subsection=\count81
\c@subsubsection=\count82
\c@paragraph=\count83
\c@subparagraph=\count84
\c@figure=\count85
\c@table=\count86
\abovecaptionskip=\skip41
\belowcaptionskip=\skip42
\bibindent=\dimen102
) (./wallpaper.sty
Package: wallpaper 2005/01/18, v1.01 easy wallpaper formatting (MHFW)

(/usr/share/texmf/tex/latex/base/ifthen.sty
Package: ifthen 2001/05/26 v1.1c Standard LaTeX ifthen package (DPC)
)
(/usr/share/texmf/tex/latex/tools/calc.sty
Package: calc 2005/08/06 v4.2 Infix arithmetic (KKT,FJ)
\calc@Acount=\count87
\calc@Bcount=\count88
\calc@Adimen=\dimen103
\calc@Bdimen=\dimen104
\calc@Askip=\skip43
\calc@Bskip=\skip44
LaTeX Info: Redefining \setlength on input line 75.
LaTeX Info: Redefining \addtolength on input line 76.
\calc@Ccount=\count89
\calc@Cskip=\skip45
)
(/usr/share/texmf/tex/latex/eso-pic/eso-pic.sty
Package: eso-pic 2006/07/14 v1.1d eso-pic (RN)

(/usr/share/texmf/tex/latex/everyshi/everyshi.sty
Package: everyshi 2001/05/15 v3.00 EveryShipout Package (MS)
)
(/usr/share/texmf/tex/latex/graphics/keyval.sty
Package: keyval 1999/03/16 v1.13 key=value parser (DPC)
\KV@toks@=\toks14
))
(/usr/share/texmf/tex/latex/graphics/graphicx.sty
Package: graphicx 1999/02/16 v1.0f Enhanced LaTeX Graphics (DPC,SPQR)

(/usr/share/texmf/tex/latex/graphics/graphics.sty
Package: graphics 2006/02/20 v1.0o Standard LaTeX Graphics (DPC,SPQR)

(/usr/share/texmf/tex/latex/graphics/trig.sty
Package: trig 1999/03/16 v1.09 sin cos tan (DPC)
)
(/usr/share/texmf/tex/latex/config/graphics.cfg
File: graphics.cfg 2007/01/18 v1.5 graphics configuration of teTeX/TeXLive
)
Package graphics Info: Driver file: pdftex.def on input line 90.

(/usr/share/texmf/tex/latex/pdftex-def/pdftex.def
File: pdftex.def 2007/01/08 v0.04d Graphics/color for pdfTeX
\Gread@gobject=\count90
))
\Gin@req@height=\dimen105
\Gin@req@width=\dimen106
)
\wpXoffset=\skip46
\wpYoffset=\skip47
\tileXoffset=\skip48
\tileYoffset=\skip49
\tilewidth=\skip50
\tileheight=\skip51
\tileX=\skip52
\tileY=\skip53
) (./niceframe.sty
Package: niceframe 2009/31/08 v1.1c niceframe package (MO)

Package: niceframe v1.1c <2009/31/08> (Marcus Ohlhaut)
\nicefr@mechar=\skip54
\nicefr@mewidth=\skip55
\nicefr@meheight=\skip56
\@ldhsize=\skip57
\c@times=\count91
\fr@mecharTT=\skip58
\fr@mecharLL=\skip59
\fr@mewidth=\skip60
\fr@meheight=\skip61
) (/usr/share/texmf/tex/latex/xcolor/xcolor.sty
Package: xcolor 2007/01/21 v2.11 LaTeX color extensions (UK)

(/usr/share/texmf/tex/latex/config/color.cfg
File: color.cfg 2007/01/18 v1.5 color configuration of teTeX/TeXLive
)
Package xcolor Info: Driver file: pdftex.def on input line 225.
Package xcolor Info: Model `cmy' substituted by `cmy0' on input line 1337.
Package xcolor Info: Model `hsb' substituted by `rgb' on input line 1341.
Package xcolor Info: Model `RGB' extended on input line 1353.
Package xcolor Info: Model `HTML' substituted by `rgb' on input line 1355.
Package xcolor Info: Model `Hsb' substituted by `hsb' on input line 1356.
Package xcolor Info: Model `tHsb' substituted by `hsb' on input line 1357.
Package xcolor Info: Model `HSB' substituted by `hsb' on input line 1358.
Package xcolor Info: Model `Gray' substituted by `gray' on input line 1359.
Package xcolor Info: Model `wave' substituted by `hsb' on input line 1360.
)
(/usr/share/texmf/tex/latex/ltxmisc/ulem.sty
\UL@box=\box26
\UL@hyphenbox=\box27
\UL@skip=\skip62
\UL@hook=\toks15
\UL@pe=\count92
\UL@pixel=\dimen107
\ULC@box=\box28
Package: ulem 2000/05/26
\ULdepth=\dimen108
)
(/usr/share/texmf/tex/latex/geometry/geometry.sty
Package: geometry 2002/07/08 v3.2 Page Geometry
\Gm@cnth=\count93
\Gm@cntv=\count94
\c@Gm@tempcnt=\count95
\Gm@bindingoffset=\dimen109
\Gm@wd@mp=\dimen110
\Gm@odd@mp=\dimen111
\Gm@even@mp=\dimen112
\Gm@dimlist=\toks16
) (./datatool.sty
Package: datatool 2016/01/18 v2.25 (NLCT)

(/usr/share/texmf/tex/latex/xkeyval/xkeyval.sty
Package: xkeyval 2006/11/18 v2.5f package option processing (HA)

(/usr/share/texmf/tex/latex/xkeyval/xkeyval.tex
\XKV@toks=\toks17
\XKV@depth=\count96
File: xkeyval.tex 2006/11/18 v2.5f key=value parser (HA)
)) (./xfor.sty
Package: xfor 2009/02/05 v1.05 (NLCT)
) (./substr.sty
Package: substr 2009/10/20 v1.2 Handle substrings
\c@su@anzahl=\count97
)
(./etoolbox.sty
Package: etoolbox 2015/08/02 v2.2a e-TeX tools for LaTeX (JAW)
 (/usr/share/texmf/tex/latex/etex/etex.sty
Package: etex 1998/03/26 v2.0 eTeX basic definition package (PEB)
\et@xins=\count98
)
\etb@tempcnta=\count99
)
(./datatool-base.sty
Package: datatool-base 2016/01/18 v2.25 (NLCT)
 (/usr/share/texmf/tex/latex/amsmath/amsmath.sty
Package: amsmath 2000/07/18 v2.13 AMS math features
\@mathmargin=\skip63

For additional information on amsmath, use the `?' option.
(/usr/share/texmf/tex/latex/amsmath/amstext.sty
Package: amstext 2000/06/29 v2.01

(/usr/share/texmf/tex/latex/amsmath/amsgen.sty
File: amsgen.sty 1999/11/30 v2.0
\@emptytoks=\toks18
\ex@=\dimen113
))
(/usr/share/texmf/tex/latex/amsmath/amsbsy.sty
Package: amsbsy 1999/11/29 v1.2d
\pmbraise@=\dimen114
)
(/usr/share/texmf/tex/latex/amsmath/amsopn.sty
Package: amsopn 1999/12/14 v2.01 operator names
)
\inf@bad=\count100
LaTeX Info: Redefining \frac on input line 211.
\uproot@=\count101
\leftroot@=\count102
LaTeX Info: Redefining \overline on input line 307.
\classnum@=\count103
\DOTSCASE@=\count104
LaTeX Info: Redefining \ldots on input line 379.
LaTeX Info: Redefining \dots on input line 382.
LaTeX Info: Redefining \cdots on input line 467.
\Mathstrutbox@=\box29
\strutbox@=\box30
\big@size=\dimen115
LaTeX Font Info:    Redeclaring font encoding OML on input line 567.
LaTeX Font Info:    Redeclaring font encoding OMS on input line 568.
\macc@depth=\count105
\c@MaxMatrixCols=\count106
\dotsspace@=\muskip10
\c@parentequation=\count107
\dspbrk@lvl=\count108
\tag@help=\toks19
\row@=\count109
\column@=\count110
\maxfields@=\count111
\andhelp@=\toks20
\eqnshift@=\dimen116
\alignsep@=\dimen117
\tagshift@=\dimen118
\tagwidth@=\dimen119
\totwidth@=\dimen120
\lineht@=\dimen121
\@envbody=\toks21
\multlinegap=\skip64
\multlinetaggap=\skip65
\mathdisplay@stack=\toks22
LaTeX Info: Redefining \[ on input line 2666.
LaTeX Info: Redefining \] on input line 2667.
) (./datatool-fp.sty
Package: datatool-fp 2016/01/18 v2.25 (NLCT)

(/usr/share/texmf/tex/latex/fp/fp.sty
Package: fp 1995/04/02

`Fixed Point Package', Version 0.8, April 2, 1995 (C) Michael Mehlich
(/usr/share/texmf/tex/latex/fp/defpattern.sty
Package: defpattern 1994/10/12
\actioncount=\count112
)
(/usr/share/texmf/tex/latex/fp/fp-basic.sty
Package: fp-basic 1996/05/13
\FP@xs=\count113
\FP@xia=\count114
\FP@xib=\count115
\FP@xfa=\count116
\FP@xfb=\count117
\FP@rega=\count118
\FP@regb=\count119
\FP@regs=\count120
\FP@times=\count121
)
(/usr/share/texmf/tex/latex/fp/fp-addons.sty
Package: fp-addons 1995/03/15
)
(/usr/share/texmf/tex/latex/fp/fp-snap.sty
Package: fp-snap 1995/04/05
)
(/usr/share/texmf/tex/latex/fp/fp-exp.sty
Package: fp-exp 1995/04/03
)
(/usr/share/texmf/tex/latex/fp/fp-trigo.sty
Package: fp-trigo 1995/04/14
)
(/usr/share/texmf/tex/latex/fp/fp-pas.sty
Package: fp-pas 1994/08/29
)
(/usr/share/texmf/tex/latex/fp/fp-random.sty
Package: fp-random 1995/02/23
\FPseed=\count122
)
(/usr/share/texmf/tex/latex/fp/fp-eqn.sty
Package: fp-eqn 1995/04/03
)
(/usr/share/texmf/tex/latex/fp/fp-upn.sty
Package: fp-upn 1996/10/21
)
(/usr/share/texmf/tex/latex/fp/fp-eval.sty
Package: fp-eval 1995/04/03
)))
\@dtl@toks=\toks23
\@dtl@tmpcount=\count123
\dtl@tmplength=\skip66
\dtl@sortresult=\count124
\@dtl@numgrpsepcount=\count125
\@dtl@datatype=\count126
\dtl@codeA=\count127
\dtl@codeB=\count128
\@dtl@foreach@level=\count129
)
\dtlcolumnnum=\count130
\dtlrownum=\count131
\@dtl@before=\toks24
\@dtl@after=\toks25
\@dtl@colhead=\toks26
\dtlcurrentrow=\toks27
\dtlbeforerow=\toks28
\dtlafterrow=\toks29
\dtlforeachlevel=\count132
\c@DTLrowi=\count133
\c@DTLrowii=\count134
\c@DTLrowiii=\count135
\c@DTLrow=\count136
\dtl@rowi=\count137
\dtl@rowii=\count138
\dtl@rowiii=\count139
\@dtl@curi=\toks30
\@dtl@previ=\toks31
\@dtl@nexti=\toks32
\@dtl@curii=\toks33
\@dtl@previi=\toks34
\@dtl@nextii=\toks35
\@dtl@curiii=\toks36
\@dtl@previii=\toks37
\@dtl@nextiii=\toks38
\@dtl@elements=\count140
\@dtl@list=\toks39
\@dtl@rowa=\toks40
\@dtl@rowb=\toks41
\@dtl@toksA=\toks42
\@dtl@toksB=\toks43
\@dtl@write=\write3
\@dtl@read=\read1
\dtl@entrycr=\count141
\dtl@omitlines=\count142
)
\dtldb@names=\toks44
\dtlkeys@names=\toks45
\dtlrows@names=\count143
\dtlcols@names=\count144
 (./certificate_style3.aux)
\openout1 = `certificate_style3.aux'.

LaTeX Font Info:    Checking defaults for OML/cmm/m/it on input line 19.
LaTeX Font Info:    ... okay on input line 19.
LaTeX Font Info:    Checking defaults for T1/cmr/m/n on input line 19.
LaTeX Font Info:    ... okay on input line 19.
LaTeX Font Info:    Checking defaults for OT1/cmr/m/n on input line 19.
LaTeX Font Info:    ... okay on input line 19.
LaTeX Font Info:    Checking defaults for OMS/cmsy/m/n on input line 19.
LaTeX Font Info:    ... okay on input line 19.
LaTeX Font Info:    Checking defaults for OMX/cmex/m/n on input line 19.
LaTeX Font Info:    ... okay on input line 19.
LaTeX Font Info:    Checking defaults for U/cmr/m/n on input line 19.
LaTeX Font Info:    ... okay on input line 19.

ABD: EveryShipout initializing macros
-------------------- Geometry parameters
paper: class default
landscape: true
twocolumn: --
twoside: --
asymmetric: --
h-parts: 11.38092pt, 772.20815pt, 11.38092pt
v-parts: 11.38092pt, 591.53316pt, 11.38092pt
hmarginratio: --
vmarginratio: --
lines: --
heightrounded: --
bindingoffset: 0.0pt
truedimen: --
includehead: --
includefoot: --
includemp: --
driver: pdftex
-------------------- Page layout dimensions and switches
\paperwidth  794.96999pt
\paperheight 614.295pt
\textwidth  772.20815pt
\textheight 591.53316pt
\oddsidemargin  -60.88907pt
\evensidemargin -60.88907pt
\topmargin  -97.88907pt
\headheight 12.0pt
\headsep    25.0pt
\footskip   30.0pt
\marginparwidth 144.0pt
\marginparsep   11.0pt
\columnsep  10.0pt
\skip\footins  9.0pt plus 4.0pt minus 2.0pt
\hoffset 0.0pt
\voffset 0.0pt
\mag 1000

(1in=72.27pt, 1cm=28.45pt)
-----------------------

<green-arrow-logo.pdf, id=1, 614.295pt x 794.97pt>
File: green-arrow-logo.pdf Graphic file (type pdf)
 <use green-arrow-logo.pdf>
Overfull \hbox (5.34552pt too wide) in paragraph at lines 92--92
 []$[]$ 
 []

<signature.png, id=2, 171.64125pt x 32.12pt>
File: signature.png Graphic file (type png)
 <use signature.png>
Overfull \hbox (2.29376pt too wide) in paragraph at lines 92--92
 [][][] 
 []

[1

{/usr/share/texmf/fonts/map/pdftex/updmap/pdftex.map} <./green-arrow-logo.pdf> 
<./signature.png>] (./certificate_style3.aux) ) 
Here is how much of TeX's memory you used:
 4577 strings out of 256216
 56020 string characters out of 1917072
 164620 words of memory out of 1500000
 7797 multiletter control sequences out of 10000+200000
 6338 words of font info for 25 fonts, out of 1200000 for 2000
 645 hyphenation exceptions out of 8191
 46i,16n,65p,839b,485s stack positions out of 5000i,500n,6000p,200000b,15000s
 <./dingbat.720pk> <./umrandb.60
0pk></usr/share/texmf/fonts/type1/bluesky/cm/cmcsc10.pfb></usr/share/texmf/font
s/type1/bluesky/cm/cmr10.pfb></usr/share/texmf/fonts/type1/bluesky/cm/cmr5.pfb>
</usr/share/texmf/fonts/type1/bluesky/cm/cmr9.pfb></usr/share/texmf/fonts/type1
/bluesky/cm/cmti10.pfb></usr/share/texmf/fonts/type1/bluesky/cm/cmti9.pfb>
Output written on certificate_style3.pdf (1 page, 72481 bytes).
PDF statistics:
 66 PDF objects out of 1000 (max. 8388607)
 0 named destinations out of 1000 (max. 131072)
 11 words of extra memory for PDF output out of 10000 (max. 10000000)

