This is pdfTeX, Version 3.1415926-2.5-1.40.14 (TeX Live 2013) (format=latex 2016.3.18)  27 JUN 2016 00:11
entering extended mode
 restricted \write18 enabled.
 %&-line parsing enabled.
**niceframe.ins
(./niceframe.ins
LaTeX2e <2011/06/27>
Babel <v3.8m> and hyphenation patterns for english, dumylang, nohyphenation, lo
aded.
(/usr/share/texlive/texmf-dist/tex/latex/base/docstrip.tex
\blockLevel=\count79
\emptyLines=\count80
\processedLines=\count81
\commentsRemoved=\count82
\commentsPassed=\count83
\codeLinesPassed=\count84
\TotalprocessedLines=\count85
\TotalcommentsRemoved=\count86
\TotalcommentsPassed=\count87
\TotalcodeLinesPassed=\count88
\NumberOfFiles=\count89
\inFile=\read1
\inputcheck=\read2
\off@0=\count90
\off@1=\count91
\off@2=\count92
\off@3=\count93
\off@4=\count94
\off@5=\count95
\off@6=\count96
\off@7=\count97
\off@8=\count98
\off@9=\count99
\off@10=\count100
\off@11=\count101
\off@12=\count102
\off@13=\count103
\off@14=\count104
\off@15=\count105
\@maxfiles=\count106
\@maxoutfiles=\count107

Utility: `docstrip' 2.5d <2005/07/29>
English documentation    <1999/03/31>

**********************************************************
* This program converts documented macro-files into fast *
* loadable files by stripping off (nearly) all comments! *
**********************************************************

********************************************************
* No Configuration file found, using default settings. *
********************************************************

(./niceframe.ins
File ./niceframe.drv already exists on the system.
Overwrite it? [y/n]
\answer=y
File ./example.tex already exists on the system.
Overwrite it? [y/n]
\answer=Y
Not generating file ./example.tex


Generating file(s) ./niceframe.drv ./niceframe.sty 
\openout0 = `./niceframe.drv'.

\openout1 = `./niceframe.sty'.


Processing file niceframe.dtx (driver) -> niceframe.drv
                              (package) -> niceframe.sty
File niceframe.dtx ended by \endinput.
Lines  processed: 514
Comments removed: 306
Comments  passed: 16
Codelines passed: 186

***********************************************************
*
* To finish the installation you have to move the following
* files into a directory searched by TeX resp. MetaFont:
*
*   niceframe.sty
*   bbding10.mf
*   dingbat.mf
*   karta.mf
*   karta15.mf
*   umrand.mf
*   umranda.mf
*   umrandb.mf
*
* To produce the documentation,
*   run the file niceframe.drv through LaTeX.
*
* To typeset an example,
*   run the file example.tex through LaTeX.
*
*
* Happy TeXing
*
***********************************************************
) ) ) 
Here is how much of TeX's memory you used:
 326 strings out of 495064
 3326 string characters out of 3182224
 52676 words of memory out of 3000000
 3599 multiletter control sequences out of 15000+200000
 3640 words of font info for 14 fonts, out of 3000000 for 9000
 14 hyphenation exceptions out of 8191
 15i,0n,15p,150b,135s stack positions out of 5000i,500n,10000p,200000b,50000s

No pages of output.
