This is pdfTeX, Version 3.1415926-2.5-1.40.14 (TeX Live 2013) (format=pdflatex 2016.3.16)  27 JUN 2016 00:47
entering extended mode
 restricted \write18 enabled.
 %&-line parsing enabled.
**certificate_style2.ltx
(./certificate_style2.ltx
LaTeX2e <2011/06/27>
Babel <v3.8m> and hyphenation patterns for english, dumylang, nohyphenation, lo
aded.
(/usr/share/texlive/texmf-dist/tex/latex/base/article.cls
Document Class: article 2007/10/19 v1.4h Standard LaTeX document class
(/usr/share/texlive/texmf-dist/tex/latex/base/size10.clo
File: size10.clo 2007/10/19 v1.4h Standard LaTeX file (size option)
)
\c@part=\count79
\c@section=\count80
\c@subsection=\count81
\c@subsubsection=\count82
\c@paragraph=\count83
\c@subparagraph=\count84
\c@figure=\count85
\c@table=\count86
\abovecaptionskip=\skip41
\belowcaptionskip=\skip42
\bibindent=\dimen102
) (./wallpaper.sty
Package: wallpaper 2005/01/18, v1.01 easy wallpaper formatting (MHFW)

(/usr/share/texlive/texmf-dist/tex/latex/base/ifthen.sty
Package: ifthen 2001/05/26 v1.1c Standard LaTeX ifthen package (DPC)
)
(/usr/share/texlive/texmf-dist/tex/latex/tools/calc.sty
Package: calc 2007/08/22 v4.3 Infix arithmetic (KKT,FJ)
\calc@Acount=\count87
\calc@Bcount=\count88
\calc@Adimen=\dimen103
\calc@Bdimen=\dimen104
\calc@Askip=\skip43
\calc@Bskip=\skip44
LaTeX Info: Redefining \setlength on input line 76.
LaTeX Info: Redefining \addtolength on input line 77.
\calc@Ccount=\count89
\calc@Cskip=\skip45
)
(/usr/share/texlive/texmf-dist/tex/latex/eso-pic/eso-pic.sty
Package: eso-pic 2010/10/06 v2.0c eso-pic (RN)

(/usr/share/texlive/texmf-dist/tex/generic/oberdiek/atbegshi.sty
Package: atbegshi 2011/10/05 v1.16 At begin shipout hook (HO)

(/usr/share/texlive/texmf-dist/tex/generic/oberdiek/infwarerr.sty
Package: infwarerr 2010/04/08 v1.3 Providing info/warning/error messages (HO)
)
(/usr/share/texlive/texmf-dist/tex/generic/oberdiek/ltxcmds.sty
Package: ltxcmds 2011/11/09 v1.22 LaTeX kernel commands for general use (HO)
)
(/usr/share/texlive/texmf-dist/tex/generic/oberdiek/ifpdf.sty
Package: ifpdf 2011/01/30 v2.3 Provides the ifpdf switch (HO)
Package ifpdf Info: pdfTeX in PDF mode is detected.
))
(/usr/share/texlive/texmf-dist/tex/latex/graphics/keyval.sty
Package: keyval 1999/03/16 v1.13 key=value parser (DPC)
\KV@toks@=\toks14
)
(/usr/share/texlive/texmf-dist/tex/latex/xcolor/xcolor.sty
Package: xcolor 2007/01/21 v2.11 LaTeX color extensions (UK)

(/usr/share/texlive/texmf-dist/tex/latex/latexconfig/color.cfg
File: color.cfg 2007/01/18 v1.5 color configuration of teTeX/TeXLive
)
Package xcolor Info: Driver file: pdftex.def on input line 225.

(/usr/share/texlive/texmf-dist/tex/latex/pdftex-def/pdftex.def
File: pdftex.def 2011/05/27 v0.06d Graphics/color for pdfTeX
\Gread@gobject=\count90
)
Package xcolor Info: Model `cmy' substituted by `cmy0' on input line 1337.
Package xcolor Info: Model `hsb' substituted by `rgb' on input line 1341.
Package xcolor Info: Model `RGB' extended on input line 1353.
Package xcolor Info: Model `HTML' substituted by `rgb' on input line 1355.
Package xcolor Info: Model `Hsb' substituted by `hsb' on input line 1356.
Package xcolor Info: Model `tHsb' substituted by `hsb' on input line 1357.
Package xcolor Info: Model `HSB' substituted by `hsb' on input line 1358.
Package xcolor Info: Model `Gray' substituted by `gray' on input line 1359.
Package xcolor Info: Model `wave' substituted by `hsb' on input line 1360.
))
(/usr/share/texlive/texmf-dist/tex/latex/graphics/graphicx.sty
Package: graphicx 1999/02/16 v1.0f Enhanced LaTeX Graphics (DPC,SPQR)

(/usr/share/texlive/texmf-dist/tex/latex/graphics/graphics.sty
Package: graphics 2009/02/05 v1.0o Standard LaTeX Graphics (DPC,SPQR)

(/usr/share/texlive/texmf-dist/tex/latex/graphics/trig.sty
Package: trig 1999/03/16 v1.09 sin cos tan (DPC)
)
(/usr/share/texlive/texmf-dist/tex/latex/latexconfig/graphics.cfg
File: graphics.cfg 2010/04/23 v1.9 graphics configuration of TeX Live
)
Package graphics Info: Driver file: pdftex.def on input line 91.
)
\Gin@req@height=\dimen105
\Gin@req@width=\dimen106
)
\wpXoffset=\skip46
\wpYoffset=\skip47
\tileXoffset=\skip48
\tileYoffset=\skip49
\tilewidth=\skip50
\tileheight=\skip51
\tileX=\skip52
\tileY=\skip53
)
(./niceframe.sty
Package: niceframe 2009/31/08 v1.1c niceframe package (MO)

Package: niceframe v1.1c <2009/31/08> (Marcus Ohlhaut)
\nicefr@mechar=\skip54
\nicefr@mewidth=\skip55
\nicefr@meheight=\skip56
\@ldhsize=\skip57
\c@times=\count91
\fr@mecharTT=\skip58
\fr@mecharLL=\skip59
\fr@mewidth=\skip60
\fr@meheight=\skip61
) (/usr/share/texlive/texmf-dist/tex/generic/ulem/ulem.sty
\UL@box=\box26
\UL@hyphenbox=\box27
\UL@skip=\skip62
\UL@hook=\toks15
\UL@height=\dimen107
\UL@pe=\count92
\UL@pixel=\dimen108
\ULC@box=\box28
Package: ulem 2012/05/18
\ULdepth=\dimen109
)
(/usr/share/texlive/texmf-dist/tex/latex/geometry/geometry.sty
Package: geometry 2010/09/12 v5.6 Page Geometry

(/usr/share/texlive/texmf-dist/tex/generic/oberdiek/ifvtex.sty
Package: ifvtex 2010/03/01 v1.5 Detect VTeX and its facilities (HO)
Package ifvtex Info: VTeX not detected.
)
(/usr/share/texlive/texmf-dist/tex/generic/ifxetex/ifxetex.sty
Package: ifxetex 2010/09/12 v0.6 Provides ifxetex conditional
)
\Gm@cnth=\count93
\Gm@cntv=\count94
\c@Gm@tempcnt=\count95
\Gm@bindingoffset=\dimen110
\Gm@wd@mp=\dimen111
\Gm@odd@mp=\dimen112
\Gm@even@mp=\dimen113
\Gm@layoutwidth=\dimen114
\Gm@layoutheight=\dimen115
\Gm@layouthoffset=\dimen116
\Gm@layoutvoffset=\dimen117
\Gm@dimlist=\toks16
)
(/usr/share/texlive/texmf-dist/tex/latex/tools/multicol.sty
Package: multicol 2011/06/27 v1.7a multicolumn formatting (FMi)
\c@tracingmulticols=\count96
\mult@box=\box29
\multicol@leftmargin=\dimen118
\c@unbalance=\count97
\c@collectmore=\count98
\doublecol@number=\count99
\multicoltolerance=\count100
\multicolpretolerance=\count101
\full@width=\dimen119
\page@free=\dimen120
\premulticols=\dimen121
\postmulticols=\dimen122
\multicolsep=\skip63
\multicolbaselineskip=\skip64
\partial@page=\box30
\last@line=\box31
\mult@rightbox=\box32
\mult@grightbox=\box33
\mult@gfirstbox=\box34
\mult@firstbox=\box35
\@tempa=\box36
\@tempa=\box37
\@tempa=\box38
\@tempa=\box39
\@tempa=\box40
\@tempa=\box41
\@tempa=\box42
\@tempa=\box43
\@tempa=\box44
\@tempa=\box45
\@tempa=\box46
\@tempa=\box47
\@tempa=\box48
\@tempa=\box49
\@tempa=\box50
\@tempa=\box51
\@tempa=\box52
\c@columnbadness=\count102
\c@finalcolumnbadness=\count103
\last@try=\dimen123
\multicolovershoot=\dimen124
\multicolundershoot=\dimen125
\mult@nat@firstbox=\box53
\colbreak@box=\box54
\multicol@sort@counter=\count104
)
(./certificate_style2.aux)
\openout1 = `certificate_style2.aux'.

LaTeX Font Info:    Checking defaults for OML/cmm/m/it on input line 14.
LaTeX Font Info:    ... okay on input line 14.
LaTeX Font Info:    Checking defaults for T1/cmr/m/n on input line 14.
LaTeX Font Info:    ... okay on input line 14.
LaTeX Font Info:    Checking defaults for OT1/cmr/m/n on input line 14.
LaTeX Font Info:    ... okay on input line 14.
LaTeX Font Info:    Checking defaults for OMS/cmsy/m/n on input line 14.
LaTeX Font Info:    ... okay on input line 14.
LaTeX Font Info:    Checking defaults for OMX/cmex/m/n on input line 14.
LaTeX Font Info:    ... okay on input line 14.
LaTeX Font Info:    Checking defaults for U/cmr/m/n on input line 14.
LaTeX Font Info:    ... okay on input line 14.
\AtBeginShipoutBox=\box55

(/usr/share/texlive/texmf-dist/tex/context/base/supp-pdf.mkii
[Loading MPS to PDF converter (version 2006.09.02).]
\scratchcounter=\count105
\scratchdimen=\dimen126
\scratchbox=\box56
\nofMPsegments=\count106
\nofMParguments=\count107
\everyMPshowfont=\toks17
\MPscratchCnt=\count108
\MPscratchDim=\dimen127
\MPnumerator=\count109
\makeMPintoPDFobject=\count110
\everyMPtoPDFconversion=\toks18
) (/usr/share/texlive/texmf-dist/tex/generic/oberdiek/pdftexcmds.sty
Package: pdftexcmds 2011/11/29 v0.20 Utility functions of pdfTeX for LuaTeX (HO
)

(/usr/share/texlive/texmf-dist/tex/generic/oberdiek/ifluatex.sty
Package: ifluatex 2010/03/01 v1.3 Provides the ifluatex switch (HO)
Package ifluatex Info: LuaTeX not detected.
)
Package pdftexcmds Info: LuaTeX not detected.
Package pdftexcmds Info: \pdf@primitive is available.
Package pdftexcmds Info: \pdf@ifprimitive is available.
Package pdftexcmds Info: \pdfdraftmode found.
)
(/usr/share/texlive/texmf-dist/tex/latex/oberdiek/epstopdf-base.sty
Package: epstopdf-base 2010/02/09 v2.5 Base part for package epstopdf

(/usr/share/texlive/texmf-dist/tex/latex/oberdiek/grfext.sty
Package: grfext 2010/08/19 v1.1 Manage graphics extensions (HO)

(/usr/share/texlive/texmf-dist/tex/generic/oberdiek/kvdefinekeys.sty
Package: kvdefinekeys 2011/04/07 v1.3 Define keys (HO)
))
(/usr/share/texlive/texmf-dist/tex/latex/oberdiek/kvoptions.sty
Package: kvoptions 2011/06/30 v3.11 Key value format for package options (HO)

(/usr/share/texlive/texmf-dist/tex/generic/oberdiek/kvsetkeys.sty
Package: kvsetkeys 2012/04/25 v1.16 Key value parser (HO)

(/usr/share/texlive/texmf-dist/tex/generic/oberdiek/etexcmds.sty
Package: etexcmds 2011/02/16 v1.5 Avoid name clashes with e-TeX commands (HO)
Package etexcmds Info: Could not find \expanded.
(etexcmds)             That can mean that you are not using pdfTeX 1.50 or
(etexcmds)             that some package has redefined \expanded.
(etexcmds)             In the latter case, load this package earlier.
)))
Package grfext Info: Graphics extension search list:
(grfext)             [.png,.pdf,.jpg,.mps,.jpeg,.jbig2,.jb2,.PNG,.PDF,.JPG,.JPE
G,.JBIG2,.JB2,.eps]
(grfext)             \AppendGraphicsExtensions on input line 452.

(/usr/share/texlive/texmf-dist/tex/latex/latexconfig/epstopdf-sys.cfg
File: epstopdf-sys.cfg 2010/07/13 v1.3 Configuration of (r)epstopdf for TeX Liv
e
))
*geometry* driver: auto-detecting
*geometry* detected driver: pdftex
*geometry* verbose mode - [ preamble ] result:
* driver: pdftex
* paper: <default>
* layout: <same size as paper>
* layoutoffset:(h,v)=(0.0pt,0.0pt)
* modes: landscape 
* h-part:(L,W,R)=(14.22636pt, 766.51726pt, 14.22636pt)
* v-part:(T,H,B)=(14.22636pt, 585.84227pt, 14.22636pt)
* \paperwidth=794.96999pt
* \paperheight=614.295pt
* \textwidth=766.51726pt
* \textheight=585.84227pt
* \oddsidemargin=-58.04362pt
* \evensidemargin=-58.04362pt
* \topmargin=-95.04362pt
* \headheight=12.0pt
* \headsep=25.0pt
* \topskip=10.0pt
* \footskip=30.0pt
* \marginparwidth=144.0pt
* \marginparsep=11.0pt
* \columnsep=10.0pt
* \skip\footins=9.0pt plus 4.0pt minus 2.0pt
* \hoffset=0.0pt
* \voffset=0.0pt
* \mag=1000
* \@twocolumnfalse
* \@twosidefalse
* \@mparswitchfalse
* \@reversemarginfalse
* (1in=72.27pt=25.4mm, 1cm=28.453pt)

<escudozz.pdf, id=1, 614.295pt x 794.97pt>
File: escudozz.pdf Graphic file (type pdf)
 <use escudozz.pdf>
Package pdftex.def Info: escudozz.pdf used on input line 76.
(pdftex.def)             Requested size: 24.1833pt x 31.2982pt.
LaTeX Font Info:    External font `cmex10' loaded for size
(Font)              <7> on input line 76.
LaTeX Font Info:    External font `cmex10' loaded for size
(Font)              <5> on input line 76.

Overfull \hbox (3.65533pt too wide) in paragraph at lines 76--76
 []$[]$ 
 []

<tiling.png, id=2, 131.15666pt x 140.525pt>
File: tiling.png Graphic file (type png)
 <use tiling.png>
Package pdftex.def Info: tiling.png used on input line 77.
(pdftex.def)             Requested size: 113.80916pt x 56.90587pt.
File: tiling.png Graphic file (type png)
 <use tiling.png>
Package pdftex.def Info: tiling.png used on input line 77.
(pdftex.def)             Requested size: 113.80916pt x 56.90587pt.
File: tiling.png Graphic file (type png)

<use tiling.png>
Package pdftex.def Info: tiling.png used on input line 77.
(pdftex.def)             Requested size: 113.80916pt x 56.90587pt.
File: tiling.png Graphic file (type png)
 <use tiling.png>
Package pdftex.def Info: tiling.png used on input line 77.
(pdftex.def)             Requested size: 113.80916pt x 56.90587pt.
File: tiling.png Graphic file (type png)
 <use tiling.png>
Package pdftex.def Info: tiling.png used on input line 77.
(pdftex.def)             Requested size: 113.80916pt x 56.90587pt.
File: tiling.png Graphic file (type png)
 <use tiling.png>
Package pdftex.def Info: tiling.png used on input line 77.
(pdftex.def)             Requested size: 113.80916pt x 56.90587pt.
File: tiling.png Graphic file (type png)

<use tiling.png>
Package pdftex.def Info: tiling.png used on input line 77.
(pdftex.def)             Requested size: 113.80916pt x 56.90587pt.
File: tiling.png Graphic file (type png)
 <use tiling.png>
Package pdftex.def Info: tiling.png used on input line 77.
(pdftex.def)             Requested size: 113.80916pt x 56.90587pt.
File: tiling.png Graphic file (type png)
 <use tiling.png>
Package pdftex.def Info: tiling.png used on input line 77.
(pdftex.def)             Requested size: 113.80916pt x 56.90587pt.
File: tiling.png Graphic file (type png)
 <use tiling.png>
Package pdftex.def Info: tiling.png used on input line 77.
(pdftex.def)             Requested size: 113.80916pt x 56.90587pt.
File: tiling.png Graphic file (type png)

<use tiling.png>
Package pdftex.def Info: tiling.png used on input line 77.
(pdftex.def)             Requested size: 113.80916pt x 56.90587pt.
File: tiling.png Graphic file (type png)
 <use tiling.png>
Package pdftex.def Info: tiling.png used on input line 77.
(pdftex.def)             Requested size: 113.80916pt x 56.90587pt.
File: tiling.png Graphic file (type png)
 <use tiling.png>
Package pdftex.def Info: tiling.png used on input line 77.
(pdftex.def)             Requested size: 113.80916pt x 56.90587pt.
File: tiling.png Graphic file (type png)
 <use tiling.png>
Package pdftex.def Info: tiling.png used on input line 77.
(pdftex.def)             Requested size: 113.80916pt x 56.90587pt.
File: tiling.png Graphic file (type png)

<use tiling.png>
Package pdftex.def Info: tiling.png used on input line 77.
(pdftex.def)             Requested size: 113.80916pt x 56.90587pt.
File: tiling.png Graphic file (type png)
 <use tiling.png>
Package pdftex.def Info: tiling.png used on input line 77.
(pdftex.def)             Requested size: 113.80916pt x 56.90587pt.
File: tiling.png Graphic file (type png)
 <use tiling.png>
Package pdftex.def Info: tiling.png used on input line 77.
(pdftex.def)             Requested size: 113.80916pt x 56.90587pt.
File: tiling.png Graphic file (type png)
 <use tiling.png>
Package pdftex.def Info: tiling.png used on input line 77.
(pdftex.def)             Requested size: 113.80916pt x 56.90587pt.
File: tiling.png Graphic file (type png)

<use tiling.png>
Package pdftex.def Info: tiling.png used on input line 77.
(pdftex.def)             Requested size: 113.80916pt x 56.90587pt.
File: tiling.png Graphic file (type png)
 <use tiling.png>
Package pdftex.def Info: tiling.png used on input line 77.
(pdftex.def)             Requested size: 113.80916pt x 56.90587pt.
File: tiling.png Graphic file (type png)
 <use tiling.png>
Package pdftex.def Info: tiling.png used on input line 77.
(pdftex.def)             Requested size: 113.80916pt x 56.90587pt.
File: tiling.png Graphic file (type png)
 <use tiling.png>
Package pdftex.def Info: tiling.png used on input line 77.
(pdftex.def)             Requested size: 113.80916pt x 56.90587pt.
File: tiling.png Graphic file (type png)

<use tiling.png>
Package pdftex.def Info: tiling.png used on input line 77.
(pdftex.def)             Requested size: 113.80916pt x 56.90587pt.
File: tiling.png Graphic file (type png)
 <use tiling.png>
Package pdftex.def Info: tiling.png used on input line 77.
(pdftex.def)             Requested size: 113.80916pt x 56.90587pt.
File: tiling.png Graphic file (type png)
 <use tiling.png>
Package pdftex.def Info: tiling.png used on input line 77.
(pdftex.def)             Requested size: 113.80916pt x 56.90587pt.
File: tiling.png Graphic file (type png)
 <use tiling.png>
Package pdftex.def Info: tiling.png used on input line 77.
(pdftex.def)             Requested size: 113.80916pt x 56.90587pt.
File: tiling.png Graphic file (type png)

<use tiling.png>
Package pdftex.def Info: tiling.png used on input line 77.
(pdftex.def)             Requested size: 113.80916pt x 56.90587pt.
File: tiling.png Graphic file (type png)
 <use tiling.png>
Package pdftex.def Info: tiling.png used on input line 77.
(pdftex.def)             Requested size: 113.80916pt x 56.90587pt.
File: tiling.png Graphic file (type png)
 <use tiling.png>
Package pdftex.def Info: tiling.png used on input line 77.
(pdftex.def)             Requested size: 113.80916pt x 56.90587pt.
File: tiling.png Graphic file (type png)
 <use tiling.png>
Package pdftex.def Info: tiling.png used on input line 77.
(pdftex.def)             Requested size: 113.80916pt x 56.90587pt.
File: tiling.png Graphic file (type png)

<use tiling.png>
Package pdftex.def Info: tiling.png used on input line 77.
(pdftex.def)             Requested size: 113.80916pt x 56.90587pt.
File: tiling.png Graphic file (type png)
 <use tiling.png>
Package pdftex.def Info: tiling.png used on input line 77.
(pdftex.def)             Requested size: 113.80916pt x 56.90587pt.
File: tiling.png Graphic file (type png)
 <use tiling.png>
Package pdftex.def Info: tiling.png used on input line 77.
(pdftex.def)             Requested size: 113.80916pt x 56.90587pt.
File: tiling.png Graphic file (type png)
 <use tiling.png>
Package pdftex.def Info: tiling.png used on input line 77.
(pdftex.def)             Requested size: 113.80916pt x 56.90587pt.
File: tiling.png Graphic file (type png)

<use tiling.png>
Package pdftex.def Info: tiling.png used on input line 77.
(pdftex.def)             Requested size: 113.80916pt x 56.90587pt.
File: tiling.png Graphic file (type png)
 <use tiling.png>
Package pdftex.def Info: tiling.png used on input line 77.
(pdftex.def)             Requested size: 113.80916pt x 56.90587pt.
File: tiling.png Graphic file (type png)
 <use tiling.png>
Package pdftex.def Info: tiling.png used on input line 77.
(pdftex.def)             Requested size: 113.80916pt x 56.90587pt.
File: tiling.png Graphic file (type png)
 <use tiling.png>
Package pdftex.def Info: tiling.png used on input line 77.
(pdftex.def)             Requested size: 113.80916pt x 56.90587pt.
File: tiling.png Graphic file (type png)

<use tiling.png>
Package pdftex.def Info: tiling.png used on input line 77.
(pdftex.def)             Requested size: 113.80916pt x 56.90587pt.
File: tiling.png Graphic file (type png)
 <use tiling.png>
Package pdftex.def Info: tiling.png used on input line 77.
(pdftex.def)             Requested size: 113.80916pt x 56.90587pt.
File: tiling.png Graphic file (type png)
 <use tiling.png>
Package pdftex.def Info: tiling.png used on input line 77.
(pdftex.def)             Requested size: 113.80916pt x 56.90587pt.
File: tiling.png Graphic file (type png)
 <use tiling.png>
Package pdftex.def Info: tiling.png used on input line 77.
(pdftex.def)             Requested size: 113.80916pt x 56.90587pt.
File: tiling.png Graphic file (type png)

<use tiling.png>
Package pdftex.def Info: tiling.png used on input line 77.
(pdftex.def)             Requested size: 113.80916pt x 56.90587pt.
File: tiling.png Graphic file (type png)
 <use tiling.png>
Package pdftex.def Info: tiling.png used on input line 77.
(pdftex.def)             Requested size: 113.80916pt x 56.90587pt.
File: tiling.png Graphic file (type png)
 <use tiling.png>
Package pdftex.def Info: tiling.png used on input line 77.
(pdftex.def)             Requested size: 113.80916pt x 56.90587pt.
File: tiling.png Graphic file (type png)
 <use tiling.png>
Package pdftex.def Info: tiling.png used on input line 77.
(pdftex.def)             Requested size: 113.80916pt x 56.90587pt.
File: tiling.png Graphic file (type png)

<use tiling.png>
Package pdftex.def Info: tiling.png used on input line 77.
(pdftex.def)             Requested size: 113.80916pt x 56.90587pt.
File: tiling.png Graphic file (type png)
 <use tiling.png>
Package pdftex.def Info: tiling.png used on input line 77.
(pdftex.def)             Requested size: 113.80916pt x 56.90587pt.
File: tiling.png Graphic file (type png)
 <use tiling.png>
Package pdftex.def Info: tiling.png used on input line 77.
(pdftex.def)             Requested size: 113.80916pt x 56.90587pt.
File: tiling.png Graphic file (type png)
 <use tiling.png>
Package pdftex.def Info: tiling.png used on input line 77.
(pdftex.def)             Requested size: 113.80916pt x 56.90587pt.
File: tiling.png Graphic file (type png)

<use tiling.png>
Package pdftex.def Info: tiling.png used on input line 77.
(pdftex.def)             Requested size: 113.80916pt x 56.90587pt.
File: tiling.png Graphic file (type png)
 <use tiling.png>
Package pdftex.def Info: tiling.png used on input line 77.
(pdftex.def)             Requested size: 113.80916pt x 56.90587pt.
File: tiling.png Graphic file (type png)
 <use tiling.png>
Package pdftex.def Info: tiling.png used on input line 77.
(pdftex.def)             Requested size: 113.80916pt x 56.90587pt.
File: tiling.png Graphic file (type png)
 <use tiling.png>
Package pdftex.def Info: tiling.png used on input line 77.
(pdftex.def)             Requested size: 113.80916pt x 56.90587pt.
File: tiling.png Graphic file (type png)

<use tiling.png>
Package pdftex.def Info: tiling.png used on input line 77.
(pdftex.def)             Requested size: 113.80916pt x 56.90587pt.
File: tiling.png Graphic file (type png)
 <use tiling.png>
Package pdftex.def Info: tiling.png used on input line 77.
(pdftex.def)             Requested size: 113.80916pt x 56.90587pt.
File: tiling.png Graphic file (type png)
 <use tiling.png>
Package pdftex.def Info: tiling.png used on input line 77.
(pdftex.def)             Requested size: 113.80916pt x 56.90587pt.
File: tiling.png Graphic file (type png)
 <use tiling.png>
Package pdftex.def Info: tiling.png used on input line 77.
(pdftex.def)             Requested size: 113.80916pt x 56.90587pt.
File: tiling.png Graphic file (type png)

<use tiling.png>
Package pdftex.def Info: tiling.png used on input line 77.
(pdftex.def)             Requested size: 113.80916pt x 56.90587pt.
File: tiling.png Graphic file (type png)
 <use tiling.png>
Package pdftex.def Info: tiling.png used on input line 77.
(pdftex.def)             Requested size: 113.80916pt x 56.90587pt.
File: tiling.png Graphic file (type png)
 <use tiling.png>
Package pdftex.def Info: tiling.png used on input line 77.
(pdftex.def)             Requested size: 113.80916pt x 56.90587pt.
File: tiling.png Graphic file (type png)
 <use tiling.png>
Package pdftex.def Info: tiling.png used on input line 77.
(pdftex.def)             Requested size: 113.80916pt x 56.90587pt.
File: tiling.png Graphic file (type png)

<use tiling.png>
Package pdftex.def Info: tiling.png used on input line 77.
(pdftex.def)             Requested size: 113.80916pt x 56.90587pt.
File: tiling.png Graphic file (type png)
 <use tiling.png>
Package pdftex.def Info: tiling.png used on input line 77.
(pdftex.def)             Requested size: 113.80916pt x 56.90587pt.
File: tiling.png Graphic file (type png)
 <use tiling.png>
Package pdftex.def Info: tiling.png used on input line 77.
(pdftex.def)             Requested size: 113.80916pt x 56.90587pt.
File: tiling.png Graphic file (type png)
 <use tiling.png>
Package pdftex.def Info: tiling.png used on input line 77.
(pdftex.def)             Requested size: 113.80916pt x 56.90587pt.
File: tiling.png Graphic file (type png)

<use tiling.png>
Package pdftex.def Info: tiling.png used on input line 77.
(pdftex.def)             Requested size: 113.80916pt x 56.90587pt.
File: tiling.png Graphic file (type png)
 <use tiling.png>
Package pdftex.def Info: tiling.png used on input line 77.
(pdftex.def)             Requested size: 113.80916pt x 56.90587pt.
File: tiling.png Graphic file (type png)
 <use tiling.png>
Package pdftex.def Info: tiling.png used on input line 77.
(pdftex.def)             Requested size: 113.80916pt x 56.90587pt.
File: tiling.png Graphic file (type png)
 <use tiling.png>
Package pdftex.def Info: tiling.png used on input line 77.
(pdftex.def)             Requested size: 113.80916pt x 56.90587pt.
File: tiling.png Graphic file (type png)

<use tiling.png>
Package pdftex.def Info: tiling.png used on input line 77.
(pdftex.def)             Requested size: 113.80916pt x 56.90587pt.
File: tiling.png Graphic file (type png)
 <use tiling.png>
Package pdftex.def Info: tiling.png used on input line 77.
(pdftex.def)             Requested size: 113.80916pt x 56.90587pt.
File: tiling.png Graphic file (type png)
 <use tiling.png>
Package pdftex.def Info: tiling.png used on input line 77.
(pdftex.def)             Requested size: 113.80916pt x 56.90587pt.
File: tiling.png Graphic file (type png)
 <use tiling.png>
Package pdftex.def Info: tiling.png used on input line 77.
(pdftex.def)             Requested size: 113.80916pt x 56.90587pt.
File: tiling.png Graphic file (type png)

<use tiling.png>
Package pdftex.def Info: tiling.png used on input line 77.
(pdftex.def)             Requested size: 113.80916pt x 56.90587pt.
File: tiling.png Graphic file (type png)
 <use tiling.png>
Package pdftex.def Info: tiling.png used on input line 77.
(pdftex.def)             Requested size: 113.80916pt x 56.90587pt.
File: tiling.png Graphic file (type png)
 <use tiling.png>
Package pdftex.def Info: tiling.png used on input line 77.
(pdftex.def)             Requested size: 113.80916pt x 56.90587pt.
 [1

{/usr/share/texlive/texmf-var/fonts/map/pdftex/updmap/pdftex.map} <./tiling.png
> <./escudozz.pdf>]
(./certificate_style2.aux) ) 
Here is how much of TeX's memory you used:
 2961 strings out of 495063
 41179 string characters out of 3182201
 123567 words of memory out of 3000000
 6113 multiletter control sequences out of 15000+200000
 5190 words of font info for 21 fonts, out of 3000000 for 9000
 14 hyphenation exceptions out of 8191
 38i,12n,48p,244b,317s stack positions out of 5000i,500n,10000p,200000b,50000s
 <./dingbat.720pk> <./umrandb.600pk></usr/share/tex
live/texmf-dist/fonts/type1/public/amsfonts/cm/cmcsc10.pfb></usr/share/texlive/
texmf-dist/fonts/type1/public/amsfonts/cm/cmr10.pfb></usr/share/texlive/texmf-d
ist/fonts/type1/public/amsfonts/cm/cmr5.pfb></usr/share/texlive/texmf-dist/font
s/type1/public/amsfonts/cm/cmr9.pfb></usr/share/texlive/texmf-dist/fonts/type1/
public/amsfonts/cm/cmti10.pfb>
Output written on certificate_style2.pdf (1 page, 234188 bytes).
PDF statistics:
 66 PDF objects out of 1000 (max. 8388607)
 39 compressed objects within 1 object stream
 0 named destinations out of 1000 (max. 500000)
 11 words of extra memory for PDF output out of 10000 (max. 10000000)

